
		Mon Sep 16 2024
12:54:25 OpenLink Virtuoso Universal Server
12:54:25 Version 07.20.3237-pthreads for Linux as of Jul 12 2023 (000000)
12:54:25 uses OpenSSL 3.0.2 15 Mar 2022
12:54:25 uses parts of PCRE, Html Tidy
12:54:27 SQL Optimizer enabled (max 1000 layouts)
12:54:27 Compiler unit is timed at 0.000441 msec
12:54:30 Checkpoint started
12:54:30 Checkpoint finished.
12:54:30 Roll forward started
12:54:30 Roll forward complete
12:54:30 PL LOG: Installing Virtuoso Conductor version 1.00.8849 (DAV)
12:54:30 PL LOG: Installing with dependencies Virtuoso Conductor version 1.00.8849/2023-07-12 15:11 (DAV)
12:54:30 Checkpoint started
12:54:30 Checkpoint finished, log reused
12:54:32 Checkpoint started
12:54:32 Checkpoint finished, log reused
12:54:32 PL LOG: Installation with dependencies complete
12:54:32 Checkpoint started
12:54:32 Checkpoint finished, log reused
12:54:32 HTTP/WebDAV server online at 27015
12:54:32 Server online at 1111 (pid 15)
12:54:32 Server received signal 15
12:54:32 Initiating quick shutdown
12:54:32 Server shutdown complete

		Mon Sep 16 2024
12:54:32 OpenLink Virtuoso Universal Server
12:54:32 Version 07.20.3237-pthreads for Linux as of Jul 12 2023 (000000)
12:54:32 uses OpenSSL 3.0.2 15 Mar 2022
12:54:32 uses parts of PCRE, Html Tidy
12:54:34 Database version 3126
12:54:34 SQL Optimizer enabled (max 1000 layouts)
12:54:35 Compiler unit is timed at 0.000149 msec
12:54:36 Roll forward started
12:54:36     8 transactions, 1957 bytes replayed (100 %)
12:54:36 Roll forward complete
12:54:36 Checkpoint started
12:54:36 Checkpoint finished, log reused
12:54:36 HTTP/WebDAV server online at 27015
12:54:36 Server online at 1111 (pid 44)
12:54:36 Checkpoint started
12:54:36 Checkpoint finished, log reused
12:54:36 Server shutdown complete

		Mon Sep 16 2024
12:54:36 OpenLink Virtuoso Universal Server
12:54:36 Version 07.20.3237-pthreads for Linux as of Jul 12 2023 (000000)
12:54:36 uses OpenSSL 3.0.2 15 Mar 2022
12:54:36 uses parts of PCRE, Html Tidy
12:54:38 Database version 3126
12:54:38 SQL Optimizer enabled (max 1000 layouts)
12:54:39 Compiler unit is timed at 0.000227 msec
12:54:40 Roll forward started
12:54:40 Roll forward complete
12:54:40 Checkpoint started
12:54:40 Checkpoint finished, log reused
12:54:40 HTTP/WebDAV server online at 8890
12:54:40 Server online at 1111 (pid 1)
